2023-12-03 11:23:15.343 [info] Extension host with pid 118374 started
2023-12-03 11:23:15.351 [info] Lock '/home/beni/.vscode-server/data/User/workspaceStorage/da934c20d82b3bb2db50078f0eabbfde/vscode.lock': Lock acquired.
2023-12-03 11:23:15.473 [info] ExtensionService#_doActivateExtension vscode.emmet, startup: false, activationEvent: 'onLanguage'
2023-12-03 11:23:15.603 [info] ExtensionService#_doActivateExtension vscode.git-base, startup: true, activationEvent: '*', root cause: vscode.git
2023-12-03 11:23:15.900 [info] ExtensionService#_doActivateExtension vscode.git, startup: true, activationEvent: '*'
2023-12-03 11:23:15.900 [info] ExtensionService#_doActivateExtension vscode.github, startup: true, activationEvent: '*'
2023-12-03 11:23:16.227 [info] Eager extensions activated
2023-12-03 11:23:16.227 [info] ExtensionService#_doActivateExtension vscode.debug-auto-launch, startup: false, activationEvent: 'onStartupFinished'
2023-12-03 11:23:16.227 [info] ExtensionService#_doActivateExtension vscode.merge-conflict, startup: false, activationEvent: 'onStartupFinished'
2023-12-03 11:23:46.133 [info] ExtensionService#_doActivateExtension ms-python.python, startup: false, activationEvent: 'onLanguage:python'
2023-12-03 11:23:46.887 [info] ExtensionService#_doActivateExtension ms-python.vscode-pylance, startup: false, activationEvent: 'onLanguage:python'
2023-12-03 11:38:47.020 [info] ExtensionService#_doActivateExtension vscode.debug-server-ready, startup: false, activationEvent: 'onDebugResolve'
2023-12-03 11:40:34.724 [error] Error: Invalid debug adapter
    at v.m (vscode-file://vscode-app/Applications/Visual%20Studio%20Code%202.app/Contents/Resources/app/out/vs/workbench/workbench.desktop.main.js:1552:95)
    at v.$acceptDAError (vscode-file://vscode-app/Applications/Visual%20Studio%20Code%202.app/Contents/Resources/app/out/vs/workbench/workbench.desktop.main.js:1551:7629)
    at $.S (vscode-file://vscode-app/Applications/Visual%20Studio%20Code%202.app/Contents/Resources/app/out/vs/workbench/workbench.desktop.main.js:1560:18856)
    at $.Q (vscode-file://vscode-app/Applications/Visual%20Studio%20Code%202.app/Contents/Resources/app/out/vs/workbench/workbench.desktop.main.js:1560:18622)
    at $.M (vscode-file://vscode-app/Applications/Visual%20Studio%20Code%202.app/Contents/Resources/app/out/vs/workbench/workbench.desktop.main.js:1560:17715)
    at $.L (vscode-file://vscode-app/Applications/Visual%20Studio%20Code%202.app/Contents/Resources/app/out/vs/workbench/workbench.desktop.main.js:1560:16794)
    at u.value (vscode-file://vscode-app/Applications/Visual%20Studio%20Code%202.app/Contents/Resources/app/out/vs/workbench/workbench.desktop.main.js:1560:15597)
    at f.y (vscode-file://vscode-app/Applications/Visual%20Studio%20Code%202.app/Contents/Resources/app/out/vs/workbench/workbench.desktop.main.js:87:1902)
    at f.fire (vscode-file://vscode-app/Applications/Visual%20Studio%20Code%202.app/Contents/Resources/app/out/vs/workbench/workbench.desktop.main.js:87:2119)
    at s.fire (vscode-file://vscode-app/Applications/Visual%20Studio%20Code%202.app/Contents/Resources/app/out/vs/workbench/workbench.desktop.main.js:616:14396)
    at b.z (vscode-file://vscode-app/Applications/Visual%20Studio%20Code%202.app/Contents/Resources/app/out/vs/workbench/workbench.desktop.main.js:616:17461)
    at u.value (vscode-file://vscode-app/Applications/Visual%20Studio%20Code%202.app/Contents/Resources/app/out/vs/workbench/workbench.desktop.main.js:616:15913)
    at f.y (vscode-file://vscode-app/Applications/Visual%20Studio%20Code%202.app/Contents/Resources/app/out/vs/workbench/workbench.desktop.main.js:87:1902)
    at f.fire (vscode-file://vscode-app/Applications/Visual%20Studio%20Code%202.app/Contents/Resources/app/out/vs/workbench/workbench.desktop.main.js:87:2119)
    at u.acceptChunk (vscode-file://vscode-app/Applications/Visual%20Studio%20Code%202.app/Contents/Resources/app/out/vs/workbench/workbench.desktop.main.js:616:12170)
    at vscode-file://vscode-app/Applications/Visual%20Studio%20Code%202.app/Contents/Resources/app/out/vs/workbench/workbench.desktop.main.js:616:11457
    at u.value (vscode-file://vscode-app/Applications/Visual%20Studio%20Code%202.app/Contents/Resources/app/out/vs/workbench/workbench.desktop.main.js:676:4917)
    at f.y (vscode-file://vscode-app/Applications/Visual%20Studio%20Code%202.app/Contents/Resources/app/out/vs/workbench/workbench.desktop.main.js:87:1902)
    at f.fire (vscode-file://vscode-app/Applications/Visual%20Studio%20Code%202.app/Contents/Resources/app/out/vs/workbench/workbench.desktop.main.js:87:2119)
    at j.onload (vscode-file://vscode-app/Applications/Visual%20Studio%20Code%202.app/Contents/Resources/app/out/vs/workbench/workbench.desktop.main.js:676:3301)
2023-12-03 11:40:34.725 [error] Error: Invalid debug adapter
    at v.m (vscode-file://vscode-app/Applications/Visual%20Studio%20Code%202.app/Contents/Resources/app/out/vs/workbench/workbench.desktop.main.js:1552:95)
    at v.$acceptDAExit (vscode-file://vscode-app/Applications/Visual%20Studio%20Code%202.app/Contents/Resources/app/out/vs/workbench/workbench.desktop.main.js:1552:35)
    at $.S (vscode-file://vscode-app/Applications/Visual%20Studio%20Code%202.app/Contents/Resources/app/out/vs/workbench/workbench.desktop.main.js:1560:18856)
    at $.Q (vscode-file://vscode-app/Applications/Visual%20Studio%20Code%202.app/Contents/Resources/app/out/vs/workbench/workbench.desktop.main.js:1560:18622)
    at $.M (vscode-file://vscode-app/Applications/Visual%20Studio%20Code%202.app/Contents/Resources/app/out/vs/workbench/workbench.desktop.main.js:1560:17715)
    at $.L (vscode-file://vscode-app/Applications/Visual%20Studio%20Code%202.app/Contents/Resources/app/out/vs/workbench/workbench.desktop.main.js:1560:16933)
    at u.value (vscode-file://vscode-app/Applications/Visual%20Studio%20Code%202.app/Contents/Resources/app/out/vs/workbench/workbench.desktop.main.js:1560:15597)
    at f.y (vscode-file://vscode-app/Applications/Visual%20Studio%20Code%202.app/Contents/Resources/app/out/vs/workbench/workbench.desktop.main.js:87:1902)
    at f.fire (vscode-file://vscode-app/Applications/Visual%20Studio%20Code%202.app/Contents/Resources/app/out/vs/workbench/workbench.desktop.main.js:87:2119)
    at s.fire (vscode-file://vscode-app/Applications/Visual%20Studio%20Code%202.app/Contents/Resources/app/out/vs/workbench/workbench.desktop.main.js:616:14396)
    at b.z (vscode-file://vscode-app/Applications/Visual%20Studio%20Code%202.app/Contents/Resources/app/out/vs/workbench/workbench.desktop.main.js:616:17461)
    at u.value (vscode-file://vscode-app/Applications/Visual%20Studio%20Code%202.app/Contents/Resources/app/out/vs/workbench/workbench.desktop.main.js:616:15913)
    at f.y (vscode-file://vscode-app/Applications/Visual%20Studio%20Code%202.app/Contents/Resources/app/out/vs/workbench/workbench.desktop.main.js:87:1902)
    at f.fire (vscode-file://vscode-app/Applications/Visual%20Studio%20Code%202.app/Contents/Resources/app/out/vs/workbench/workbench.desktop.main.js:87:2119)
    at u.acceptChunk (vscode-file://vscode-app/Applications/Visual%20Studio%20Code%202.app/Contents/Resources/app/out/vs/workbench/workbench.desktop.main.js:616:12170)
    at vscode-file://vscode-app/Applications/Visual%20Studio%20Code%202.app/Contents/Resources/app/out/vs/workbench/workbench.desktop.main.js:616:11457
    at u.value (vscode-file://vscode-app/Applications/Visual%20Studio%20Code%202.app/Contents/Resources/app/out/vs/workbench/workbench.desktop.main.js:676:4917)
    at f.y (vscode-file://vscode-app/Applications/Visual%20Studio%20Code%202.app/Contents/Resources/app/out/vs/workbench/workbench.desktop.main.js:87:1902)
    at f.fire (vscode-file://vscode-app/Applications/Visual%20Studio%20Code%202.app/Contents/Resources/app/out/vs/workbench/workbench.desktop.main.js:87:2119)
    at j.onload (vscode-file://vscode-app/Applications/Visual%20Studio%20Code%202.app/Contents/Resources/app/out/vs/workbench/workbench.desktop.main.js:676:3301)
2023-12-03 11:40:48.999 [info] ExtensionService#_doActivateExtension vscode.npm, startup: false, activationEvent: 'onTerminalQuickFixRequest:ms-vscode.npm-command'
2023-12-03 11:54:07.879 [error] [ms-python.python] provider FAILED
2023-12-03 11:54:07.879 [error] TypeError: Cannot read properties of undefined (reading 'data')
	at /home/beni/.vscode-server/extensions/ms-python.vscode-pylance-2023.11.10/dist/extension.bundle.js:1:133005
	at _0x9ba18e (/home/beni/.vscode-server/extensions/ms-python.vscode-pylance-2023.11.10/dist/extension.bundle.js:1:144766)
	at async ie.provideCompletionItems (/home/beni/.vscode-server/bin/1a5daa3a0231a0fbba4f14db7ec463cf99d7768e/out/vs/workbench/api/node/extensionHostProcess.js:127:52281)
2023-12-03 12:30:59.421 [info] Extension host terminating: renderer disconnected for too long (2)
2023-12-03 12:30:59.422 [info] Lock '/home/beni/.vscode-server/data/User/workspaceStorage/da934c20d82b3bb2db50078f0eabbfde/vscode.lock': Marking the lockfile as scheduled to be released in 6000 ms.
2023-12-03 12:30:59.463 [error] TypeError: e.clear is not a function
	at _.cleanUp (/home/beni/.vscode-server/extensions/ms-python.python-2023.20.0/out/client/extension.js:2:2412859)
	at _.shutdown (/home/beni/.vscode-server/extensions/ms-python.python-2023.20.0/out/client/extension.js:2:2412035)
	at _.stop (/home/beni/.vscode-server/extensions/ms-python.python-2023.20.0/out/client/extension.js:2:2411463)
	at _.stop (/home/beni/.vscode-server/extensions/ms-python.python-2023.20.0/out/client/extension.js:2:2577851)
	at Object.stop (/home/beni/.vscode-server/extensions/ms-python.python-2023.20.0/out/client/extension.js:2:52694)
	at Object.stop (/home/beni/.vscode-server/extensions/ms-python.vscode-pylance-2023.11.10/dist/extension.bundle.js:1:167359)
	at _0x245439.<computed>._stopClient (/home/beni/.vscode-server/extensions/ms-python.vscode-pylance-2023.11.10/dist/extension.bundle.js:1:110667)
	at _0x245439.<computed>._createNewRequest (/home/beni/.vscode-server/extensions/ms-python.vscode-pylance-2023.11.10/dist/extension.bundle.js:1:110246)
2023-12-03 12:30:59.464 [error] TypeError: e.clear is not a function
	at _.cleanUp (/home/beni/.vscode-server/extensions/ms-python.python-2023.20.0/out/client/extension.js:2:2412859)
	at _.shutdown (/home/beni/.vscode-server/extensions/ms-python.python-2023.20.0/out/client/extension.js:2:2412035)
	at _.stop (/home/beni/.vscode-server/extensions/ms-python.python-2023.20.0/out/client/extension.js:2:2411463)
	at _.stop (/home/beni/.vscode-server/extensions/ms-python.python-2023.20.0/out/client/extension.js:2:2577851)
	at Object.stop (/home/beni/.vscode-server/extensions/ms-python.python-2023.20.0/out/client/extension.js:2:52694)
	at Object.stop (/home/beni/.vscode-server/extensions/ms-python.vscode-pylance-2023.11.10/dist/extension.bundle.js:1:167359)
	at _0x245439.<computed>._stopClient (/home/beni/.vscode-server/extensions/ms-python.vscode-pylance-2023.11.10/dist/extension.bundle.js:1:110667)
	at _0x245439.<computed>._createNewRequest (/home/beni/.vscode-server/extensions/ms-python.vscode-pylance-2023.11.10/dist/extension.bundle.js:1:110246)
2023-12-03 12:30:59.464 [info] Extension host with pid 118374 exiting with code 0
