2023-12-02 06:57:28.678 [info] Log level: Info
2023-12-02 06:57:28.678 [info] Validating found git in: "git"
2023-12-02 06:57:28.678 [info] Using git "2.34.1" from "git"
2023-12-02 06:57:28.678 [info] > git rev-parse --show-toplevel [7ms]
2023-12-02 06:57:28.678 [info] fatal: not a git repository (or any of the parent directories): .git
2023-12-02 06:57:28.679 [info] > git rev-parse --show-toplevel [1ms]
2023-12-02 06:57:28.679 [info] fatal: not a git repository (or any of the parent directories): .git
2023-12-02 06:57:28.686 [info] > git rev-parse --show-toplevel [1ms]
2023-12-02 06:57:28.686 [info] fatal: not a git repository (or any of the parent directories): .git
2023-12-02 06:57:28.694 [info] > git rev-parse --show-toplevel [1ms]
2023-12-02 06:57:28.694 [info] fatal: not a git repository (or any of the parent directories): .git
2023-12-02 06:57:28.702 [info] > git rev-parse --show-toplevel [1ms]
2023-12-02 06:57:28.702 [info] fatal: not a git repository (or any of the parent directories): .git
2023-12-02 07:48:07.889 [info] > git rev-parse --show-toplevel [1ms]
2023-12-02 07:48:07.889 [info] fatal: not a git repository (or any of the parent directories): .git
2023-12-02 07:57:58.315 [info] > git rev-parse --show-toplevel [2ms]
2023-12-02 07:57:58.315 [info] fatal: not a git repository (or any of the parent directories): .git
2023-12-02 08:03:02.498 [info] > git rev-parse --show-toplevel [3ms]
2023-12-02 08:03:02.498 [info] fatal: not a git repository (or any of the parent directories): .git
2023-12-02 08:03:05.348 [info] > git rev-parse --show-toplevel [2ms]
2023-12-02 08:03:05.348 [info] fatal: not a git repository (or any of the parent directories): .git
2023-12-02 08:10:22.358 [info] > git rev-parse --show-toplevel [1ms]
2023-12-02 08:10:22.358 [info] fatal: not a git repository (or any of the parent directories): .git
2023-12-02 08:13:43.779 [info] > git rev-parse --show-toplevel [2ms]
2023-12-02 08:13:43.779 [info] fatal: not a git repository (or any of the parent directories): .git
