2023-12-05 01:00:52.265 [info] Log level: Info
2023-12-05 01:00:52.265 [info] Validating found git in: "git"
2023-12-05 01:00:52.265 [info] Using git "2.34.1" from "git"
2023-12-05 01:00:52.265 [info] > git rev-parse --show-toplevel [11ms]
2023-12-05 01:00:52.265 [info] fatal: not a git repository (or any of the parent directories): .git
2023-12-05 01:00:52.265 [info] > git rev-parse --show-toplevel [6ms]
2023-12-05 01:00:52.265 [info] > git rev-parse --git-dir --git-common-dir [3ms]
2023-12-05 01:00:52.265 [info] Open repository: /var/www/abac/crm/dcrm
2023-12-05 01:00:52.265 [info] > git config --get commit.template [22ms]
2023-12-05 01:00:52.265 [info] > git rev-parse --show-toplevel [4ms]
2023-12-05 01:00:52.265 [info] fatal: not a git repository (or any of the parent directories): .git
2023-12-05 01:00:52.265 [info] > git for-each-ref --format=%(refname)%00%(upstream:short)%00%(objectname)%00%(upstream:track)%00%(upstream:remotename)%00%(upstream:remoteref) refs/heads/main refs/remotes/main [16ms]
2023-12-05 01:00:52.265 [info] > git rev-parse --show-toplevel [17ms]
2023-12-05 01:00:52.265 [info] fatal: not a git repository (or any of the parent directories): .git
2023-12-05 01:00:52.268 [info] > git status -z -uall [21ms]
2023-12-05 01:00:52.269 [info] > git rev-parse --show-toplevel [6ms]
2023-12-05 01:00:52.269 [info] fatal: not a git repository (or any of the parent directories): .git
2023-12-05 01:00:52.352 [info] > git config --get commit.template [54ms]
2023-12-05 01:00:52.389 [info] > git for-each-ref --format=%(refname)%00%(upstream:short)%00%(objectname)%00%(upstream:track)%00%(upstream:remotename)%00%(upstream:remoteref) refs/heads/main refs/remotes/main [12ms]
2023-12-05 01:00:52.403 [info] > git status -z -uall [2ms]
2023-12-05 01:00:53.357 [info] > git check-ignore -v -z --stdin [65ms]
2023-12-05 01:00:53.553 [info] > git show --textconv :dcrm/settings.py [16ms]
2023-12-05 01:00:53.572 [info] > git ls-files --stage -- /var/www/abac/crm/dcrm/dcrm/settings.py [21ms]
2023-12-05 01:00:53.587 [info] > git cat-file -s c942f98584855e2cf8f63324a6c7b3294eb8d089 [1ms]
2023-12-05 03:02:02.613 [info] > git rev-parse --show-toplevel [11ms]
2023-12-05 03:02:02.616 [info] fatal: not a git repository (or any of the parent directories): .git
2023-12-05 03:02:04.140 [info] > git show --textconv :dcrm/settings.py [23ms]
2023-12-05 03:02:04.142 [info] > git ls-files --stage -- /var/www/abac/crm/dcrm/dcrm/settings.py [2ms]
2023-12-05 03:02:04.160 [info] > git cat-file -s c942f98584855e2cf8f63324a6c7b3294eb8d089 [3ms]
2023-12-05 03:08:41.283 [info] > git config --get commit.template [21ms]
2023-12-05 03:08:41.286 [info] > git for-each-ref --format=%(refname)%00%(upstream:short)%00%(objectname)%00%(upstream:track)%00%(upstream:remotename)%00%(upstream:remoteref) refs/heads/main refs/remotes/main [7ms]
2023-12-05 03:08:41.301 [info] > git status -z -uall [2ms]
2023-12-05 03:09:50.267 [info] > git config --get commit.template [13ms]
2023-12-05 03:09:50.267 [info] > git for-each-ref --format=%(refname)%00%(upstream:short)%00%(objectname)%00%(upstream:track)%00%(upstream:remotename)%00%(upstream:remoteref) refs/heads/main refs/remotes/main [1ms]
2023-12-05 03:09:50.292 [info] > git status -z -uall [2ms]
2023-12-05 03:10:29.084 [info] > git config --get commit.template [21ms]
2023-12-05 03:10:29.085 [info] > git for-each-ref --format=%(refname)%00%(upstream:short)%00%(objectname)%00%(upstream:track)%00%(upstream:remotename)%00%(upstream:remoteref) refs/heads/main refs/remotes/main [2ms]
2023-12-05 03:10:29.118 [info] > git status -z -uall [6ms]
2023-12-05 03:13:39.434 [info] > git config --get commit.template [4ms]
2023-12-05 03:13:39.455 [info] > git for-each-ref --format=%(refname)%00%(upstream:short)%00%(objectname)%00%(upstream:track)%00%(upstream:remotename)%00%(upstream:remoteref) refs/heads/main refs/remotes/main [3ms]
2023-12-05 03:13:39.483 [info] > git status -z -uall [6ms]
2023-12-05 03:13:50.488 [info] > git config --get commit.template [15ms]
2023-12-05 03:13:50.488 [info] > git for-each-ref --format=%(refname)%00%(upstream:short)%00%(objectname)%00%(upstream:track)%00%(upstream:remotename)%00%(upstream:remoteref) refs/heads/main refs/remotes/main [2ms]
2023-12-05 03:13:50.506 [info] > git status -z -uall [2ms]
2023-12-05 03:15:17.906 [info] > git config --get commit.template [29ms]
2023-12-05 03:15:17.909 [info] > git for-each-ref --format=%(refname)%00%(upstream:short)%00%(objectname)%00%(upstream:track)%00%(upstream:remotename)%00%(upstream:remoteref) refs/heads/main refs/remotes/main [9ms]
2023-12-05 03:15:17.939 [info] > git status -z -uall [6ms]
2023-12-05 03:18:10.176 [info] > git config --get commit.template [19ms]
2023-12-05 03:18:10.176 [info] > git for-each-ref --format=%(refname)%00%(upstream:short)%00%(objectname)%00%(upstream:track)%00%(upstream:remotename)%00%(upstream:remoteref) refs/heads/main refs/remotes/main [1ms]
2023-12-05 03:18:10.195 [info] > git status -z -uall [2ms]
2023-12-05 03:23:00.487 [info] > git show --textconv :dcrm/wsgi.py [13ms]
2023-12-05 03:23:00.488 [info] > git ls-files --stage -- /var/www/abac/crm/dcrm/dcrm/wsgi.py [2ms]
2023-12-05 03:23:00.501 [info] > git cat-file -s 25a218ae28869b4f87ef22ae5bc24d8b6a21fe56 [2ms]
2023-12-05 03:23:06.198 [info] > git show --textconv :dcrm/settings.py [15ms]
2023-12-05 03:23:06.199 [info] > git ls-files --stage -- /var/www/abac/crm/dcrm/dcrm/settings.py [2ms]
2023-12-05 03:23:06.217 [info] > git cat-file -s c942f98584855e2cf8f63324a6c7b3294eb8d089 [2ms]
