2023-12-15 05:06:20.339 [info] Log level: Info
2023-12-15 05:06:20.339 [info] Validating found git in: "git"
2023-12-15 05:06:20.339 [info] Using git "2.34.1" from "git"
2023-12-15 05:06:20.340 [info] > git rev-parse --show-toplevel [3ms]
2023-12-15 05:06:20.340 [info] fatal: not a git repository (or any of the parent directories): .git
2023-12-15 05:06:20.340 [info] > git rev-parse --show-toplevel [5ms]
2023-12-15 05:06:20.340 [info] > git rev-parse --git-dir --git-common-dir [2ms]
2023-12-15 05:06:20.340 [info] Open repository: /var/www/abac/crm/dcrm
2023-12-15 05:06:20.340 [info] > git config --get commit.template [43ms]
2023-12-15 05:06:20.340 [info] > git rev-parse --show-toplevel [34ms]
2023-12-15 05:06:20.340 [info] fatal: not a git repository (or any of the parent directories): .git
2023-12-15 05:06:20.341 [info] > git rev-parse --show-toplevel [7ms]
2023-12-15 05:06:20.341 [info] fatal: not a git repository (or any of the parent directories): .git
2023-12-15 05:06:20.341 [info] > git for-each-ref --format=%(refname)%00%(upstream:short)%00%(objectname)%00%(upstream:track)%00%(upstream:remotename)%00%(upstream:remoteref) refs/heads/main refs/remotes/main [18ms]
2023-12-15 05:06:20.367 [info] > git status -z -uall [11ms]
2023-12-15 05:06:20.384 [info] > git rev-parse --show-toplevel [18ms]
2023-12-15 05:06:20.384 [info] fatal: not a git repository (or any of the parent directories): .git
2023-12-15 05:06:20.389 [info] > git config --get commit.template [5ms]
2023-12-15 05:06:20.406 [info] > git for-each-ref --format=%(refname)%00%(upstream:short)%00%(objectname)%00%(upstream:track)%00%(upstream:remotename)%00%(upstream:remoteref) refs/heads/main refs/remotes/main [2ms]
2023-12-15 05:06:20.421 [info] > git status -z -uall [4ms]
2023-12-15 05:06:20.730 [info] > git show --textconv :mydb.py [12ms]
2023-12-15 05:06:20.731 [info] > git ls-files --stage -- /var/www/abac/crm/dcrm/mydb.py [2ms]
2023-12-15 05:06:20.744 [info] > git cat-file -s 055e8b57bd18e50c22149b91904cbb5b55b08391 [2ms]
2023-12-15 05:06:20.850 [info] > git check-ignore -v -z --stdin [2ms]
2023-12-15 05:06:28.392 [info] > git rev-parse --show-toplevel [2ms]
2023-12-15 05:06:28.392 [info] fatal: not a git repository (or any of the parent directories): .git
