2023-12-04 03:06:41.823 [info] Extension host with pid 156171 started
2023-12-04 03:06:41.823 [error] Error: EEXIST: file already exists, open '/home/beni/.vscode-server/data/User/workspaceStorage/da934c20d82b3bb2db50078f0eabbfde/vscode.lock'
2023-12-04 03:06:41.842 [info] Lock '/home/beni/.vscode-server/data/User/workspaceStorage/da934c20d82b3bb2db50078f0eabbfde/vscode.lock': Could not acquire lock, checking if the file is stale.
2023-12-04 03:06:41.850 [info] Lock '/home/beni/.vscode-server/data/User/workspaceStorage/da934c20d82b3bb2db50078f0eabbfde/vscode.lock': The lock does not look stale, elapsed: 322 ms, giving up.
2023-12-04 03:06:41.870 [info] Lock '/home/beni/.vscode-server/data/User/workspaceStorage/da934c20d82b3bb2db50078f0eabbfde-1/vscode.lock': Lock acquired.
2023-12-04 03:06:42.571 [info] ExtensionService#_doActivateExtension vscode.tunnel-forwarding, startup: false, activationEvent: 'onTunnel'
2023-12-04 03:06:42.574 [info] ExtensionService#_doActivateExtension ms-python.python, startup: false, activationEvent: 'onLanguage:python'
2023-12-04 03:06:42.574 [info] ExtensionService#_doActivateExtension vscode.emmet, startup: false, activationEvent: 'onLanguage'
2023-12-04 03:06:43.628 [info] ExtensionService#_doActivateExtension vscode.git-base, startup: true, activationEvent: '*', root cause: vscode.git
2023-12-04 03:06:43.732 [info] ExtensionService#_doActivateExtension ms-python.vscode-pylance, startup: false, activationEvent: 'onLanguage:python'
2023-12-04 03:06:44.395 [info] ExtensionService#_doActivateExtension vscode.git, startup: true, activationEvent: '*'
2023-12-04 03:06:44.396 [info] ExtensionService#_doActivateExtension vscode.github, startup: true, activationEvent: '*'
2023-12-04 03:06:44.737 [info] Eager extensions activated
2023-12-04 03:06:44.737 [info] ExtensionService#_doActivateExtension vscode.debug-auto-launch, startup: false, activationEvent: 'onStartupFinished'
2023-12-04 03:06:44.738 [info] ExtensionService#_doActivateExtension vscode.merge-conflict, startup: false, activationEvent: 'onStartupFinished'
2023-12-04 03:44:18.143 [info] Extension host terminating: renderer disconnected for too long (2)
2023-12-04 03:44:18.144 [info] Lock '/home/beni/.vscode-server/data/User/workspaceStorage/da934c20d82b3bb2db50078f0eabbfde-1/vscode.lock': Marking the lockfile as scheduled to be released in 6000 ms.
2023-12-04 03:44:18.171 [error] TypeError: e.clear is not a function
	at _.cleanUp (/home/beni/.vscode-server/extensions/ms-python.python-2023.20.0/out/client/extension.js:2:2412859)
	at _.shutdown (/home/beni/.vscode-server/extensions/ms-python.python-2023.20.0/out/client/extension.js:2:2412035)
	at _.stop (/home/beni/.vscode-server/extensions/ms-python.python-2023.20.0/out/client/extension.js:2:2411463)
	at _.stop (/home/beni/.vscode-server/extensions/ms-python.python-2023.20.0/out/client/extension.js:2:2577851)
	at Object.stop (/home/beni/.vscode-server/extensions/ms-python.python-2023.20.0/out/client/extension.js:2:52694)
	at Object.stop (/home/beni/.vscode-server/extensions/ms-python.vscode-pylance-2023.11.10/dist/extension.bundle.js:1:167359)
	at _0x245439.<computed>._stopClient (/home/beni/.vscode-server/extensions/ms-python.vscode-pylance-2023.11.10/dist/extension.bundle.js:1:110667)
	at _0x245439.<computed>._createNewRequest (/home/beni/.vscode-server/extensions/ms-python.vscode-pylance-2023.11.10/dist/extension.bundle.js:1:110246)
2023-12-04 03:44:18.171 [error] TypeError: e.clear is not a function
	at _.cleanUp (/home/beni/.vscode-server/extensions/ms-python.python-2023.20.0/out/client/extension.js:2:2412859)
	at _.shutdown (/home/beni/.vscode-server/extensions/ms-python.python-2023.20.0/out/client/extension.js:2:2412035)
	at _.stop (/home/beni/.vscode-server/extensions/ms-python.python-2023.20.0/out/client/extension.js:2:2411463)
	at _.stop (/home/beni/.vscode-server/extensions/ms-python.python-2023.20.0/out/client/extension.js:2:2577851)
	at Object.stop (/home/beni/.vscode-server/extensions/ms-python.python-2023.20.0/out/client/extension.js:2:52694)
	at Object.stop (/home/beni/.vscode-server/extensions/ms-python.vscode-pylance-2023.11.10/dist/extension.bundle.js:1:167359)
	at _0x245439.<computed>._stopClient (/home/beni/.vscode-server/extensions/ms-python.vscode-pylance-2023.11.10/dist/extension.bundle.js:1:110667)
	at _0x245439.<computed>._createNewRequest (/home/beni/.vscode-server/extensions/ms-python.vscode-pylance-2023.11.10/dist/extension.bundle.js:1:110246)
2023-12-04 03:44:18.172 [info] Extension host with pid 156171 exiting with code 0
