*
* Visual Studio Code Server
*
* By using the software, you agree to
* the Visual Studio Code Server License Terms (https://aka.ms/vscode-server-license) and
* the Microsoft Privacy Statement (https://privacy.microsoft.com/en-US/privacystatement).
*
Server bound to 127.0.0.1:32815 (IPv4)
Extension host agent listening on 32815

[03:44:05] 




[03:44:05] Error: Unable to retrieve mac address (unexpected format)
    at I (/home/beni/.vscode-server/bin/1a5daa3a0231a0fbba4f14db7ec463cf99d7768e/out/vs/server/node/server.main.js:85:3530)
    at b (/home/beni/.vscode-server/bin/1a5daa3a0231a0fbba4f14db7ec463cf99d7768e/out/vs/server/node/server.main.js:91:7741)
    at async /home/beni/.vscode-server/bin/1a5daa3a0231a0fbba4f14db7ec463cf99d7768e/out/vs/server/node/server.main.js:91:7617
[03:44:05] Extension host agent started.
[03:44:05] [127.0.0.1][174afa81][ManagementConnection] New connection established.
[03:44:05] [127.0.0.1][debb99d4][ExtensionHostConnection] New connection established.
[03:44:05] [127.0.0.1][debb99d4][ExtensionHostConnection] <1840> Launched Extension Host Process.
[03:45:07] No ptyHost heartbeat after 6 seconds
[03:45:12] No ptyHost heartbeat after 12 seconds
rejected promise not handled within 1 second: AggregateError
stack trace: AggregateError
    at internalConnectMultiple (node:net:1081:18)
    at afterConnectMultiple (node:net:1532:5)
[03:45:19] AggregateError
    at internalConnectMultiple (node:net:1081:18)
    at afterConnectMultiple (node:net:1532:5) {
  code: 'ECONNREFUSED',
  [errors]: [
    Error: connect ECONNREFUSED ::1:8000
        at afterConnectMultiple (node:net:1519:16) {
      errno: -111,
      code: 'ECONNREFUSED',
      syscall: 'connect',
      address: '::1',
      port: 8000
    },
    Error: connect ECONNREFUSED 127.0.0.1:8000
        at afterConnectMultiple (node:net:1519:16) {
      errno: -111,
      code: 'ECONNREFUSED',
      syscall: 'connect',
      address: '127.0.0.1',
      port: 8000
    }
  ]
}
New EH opened, aborting shutdown
[03:49:05] New EH opened, aborting shutdown
[04:02:07] [127.0.0.1][432e13ff][ManagementConnection] New connection established.
[04:02:07] [127.0.0.1][8bcf6872][ExtensionHostConnection] New connection established.
[04:02:07] [127.0.0.1][8bcf6872][ExtensionHostConnection] <2677> Launched Extension Host Process.
[04:07:08] [127.0.0.1][debb99d4][ExtensionHostConnection] <1840> Extension Host Process exited with code: 0, signal: null.
[09:06:53] [127.0.0.1][8bcf6872][ExtensionHostConnection] <2677> Extension Host Process exited with code: 0, signal: null.
Last EH closed, waiting before shutting down
[09:06:53] Last EH closed, waiting before shutting down
Last EH closed, shutting down
[09:11:53] Last EH closed, shutting down
